2022-10-11 12:51:18 INFO  EmployeesRestAPI:41 - *********Started TC004_Put_Employee_Record **********
2022-10-11 12:51:25 INFO  EmployeesRestAPI:113 - *********  Finished TC004_Put_Employee_Record **********
2022-10-11 12:52:40 INFO  EmployeesRestAPI:41 - *********Started TC004_Put_Employee_Record **********
2022-10-11 12:52:47 INFO  EmployeesRestAPI:113 - *********  Finished TC004_Put_Employee_Record **********
2022-10-11 12:53:22 INFO  EmployeesRestAPI:41 - *********Started TC004_Put_Employee_Record **********
2022-10-11 12:53:29 INFO  EmployeesRestAPI:113 - *********  Finished TC004_Put_Employee_Record **********
2022-10-11 12:53:45 INFO  EmployeesRestAPI:41 - *********Started TC004_Put_Employee_Record **********
2022-10-11 12:53:52 INFO  EmployeesRestAPI:113 - *********  Finished TC004_Put_Employee_Record **********
2022-10-11 12:54:58 INFO  EmployeesRestAPI:41 - *********Started TC004_Put_Employee_Record **********
2022-10-11 12:55:05 INFO  EmployeesRestAPI:113 - *********  Finished TC004_Put_Employee_Record **********
2022-10-11 12:56:36 INFO  EmployeesRestAPI:41 - *********Started TC004_Put_Employee_Record **********
2022-10-11 12:56:43 INFO  EmployeesRestAPI:113 - *********  Finished TC004_Put_Employee_Record **********
2022-10-11 12:57:41 INFO  EmployeesRestAPI:41 - *********Started TC004_Put_Employee_Record **********
2022-10-11 12:57:49 INFO  EmployeesRestAPI:113 - *********  Finished TC004_Put_Employee_Record **********
2022-10-11 12:58:37 INFO  EmployeesRestAPI:41 - *********Started TC004_Put_Employee_Record **********
2022-10-11 12:58:44 INFO  EmployeesRestAPI:113 - *********  Finished TC004_Put_Employee_Record **********
2022-10-11 12:59:36 INFO  EmployeesRestAPI:41 - *********Started TC004_Put_Employee_Record **********
2022-10-11 12:59:44 INFO  EmployeesRestAPI:113 - *********  Finished TC004_Put_Employee_Record **********
2022-10-11 13:56:22 INFO  EmployeesRestAPI:36 - *********Started TC005_Delete_Employee_Record **********
2022-10-11 13:56:28 INFO  EmployeesRestAPI:101 - *********  Finished TC005_Delete_Employee_Record **********
2022-10-11 13:58:09 INFO  EmployeesRestAPI:36 - *********Started TC005_Delete_Employee_Record **********
2022-10-11 13:58:41 INFO  EmployeesRestAPI:36 - *********Started TC005_Delete_Employee_Record **********
2022-10-11 14:01:07 INFO  EmployeesRestAPI:36 - *********Started TC005_Delete_Employee_Record **********
2022-10-11 14:01:14 INFO  EmployeesRestAPI:101 - *********  Finished TC005_Delete_Employee_Record **********
2022-10-11 14:01:54 INFO  EmployeesRestAPI:36 - *********Started TC005_Delete_Employee_Record **********
2022-10-11 14:02:00 INFO  EmployeesRestAPI:101 - *********  Finished TC005_Delete_Employee_Record **********
2022-10-11 14:03:14 INFO  EmployeesRestAPI:36 - *********Started TC005_Delete_Employee_Record **********
2022-10-11 14:03:27 INFO  EmployeesRestAPI:36 - *********Started TC005_Delete_Employee_Record **********
2022-10-11 14:03:33 INFO  EmployeesRestAPI:101 - *********  Finished TC005_Delete_Employee_Record **********
2022-10-11 14:05:29 INFO  EmployeesRestAPI:36 - *********Started TC005_Delete_Employee_Record **********
2022-10-11 14:05:35 INFO  EmployeesRestAPI:101 - *********  Finished TC005_Delete_Employee_Record **********
2022-10-11 14:05:50 INFO  EmployeesRestAPI:36 - *********Started TC005_Delete_Employee_Record **********
2022-10-11 14:05:57 INFO  EmployeesRestAPI:101 - *********  Finished TC005_Delete_Employee_Record **********
2022-10-11 14:14:18 INFO  EmployeesRestAPI:36 - *********Started TC005_Delete_Employee_Record **********
2022-10-11 14:14:34 INFO  EmployeesRestAPI:36 - *********Started TC005_Delete_Employee_Record **********
2022-10-11 14:14:40 INFO  EmployeesRestAPI:101 - *********  Finished TC005_Delete_Employee_Record **********
2022-10-11 14:54:18 INFO  EmployeesRestAPI:36 - *********Started TC005_Delete_Employee_Record **********
2022-10-11 14:54:25 INFO  EmployeesRestAPI:101 - *********  Finished TC005_Delete_Employee_Record **********
2022-10-11 14:54:42 INFO  EmployeesRestAPI:36 - *********Started TC005_Delete_Employee_Record **********
2022-10-11 14:54:49 INFO  EmployeesRestAPI:101 - *********  Finished TC005_Delete_Employee_Record **********
2022-10-11 15:00:18 INFO  EmployeesRestAPI:32 - *********Started TC001_Get_All_Employees **********
2022-10-11 15:00:20 INFO  EmployeesRestAPI:128 - ***********  Checking Content Lenght**********
2022-10-11 15:00:20 INFO  EmployeesRestAPI:131 - Content Length is==>null
2022-10-11 15:00:20 INFO  EmployeesRestAPI:95 - ***********  Checking Content Type **********
2022-10-11 15:00:20 INFO  EmployeesRestAPI:98 - Content type is ==>application/json
2022-10-11 15:00:20 INFO  EmployeesRestAPI:143 - ***********  Checking Cookies **********
2022-10-11 15:00:20 INFO  EmployeesRestAPI:66 - ***********  Checking Response Time **********
2022-10-11 15:00:20 INFO  EmployeesRestAPI:69 - Response Time is ==>1260
2022-10-11 15:00:20 INFO  EmployeesRestAPI:44 - ***********  Checking Respose Body **********
2022-10-11 15:00:20 INFO  EmployeesRestAPI:47 - Response Body==>{"status":"success","data":[{"id":1,"employee_name":"Tiger Nixon","employee_salary":320800,"employee_age":61,"profile_image":""},{"id":2,"employee_name":"Garrett Winters","employee_salary":170750,"employee_age":63,"profile_image":""},{"id":3,"employee_name":"Ashton Cox","employee_salary":86000,"employee_age":66,"profile_image":""},{"id":4,"employee_name":"Cedric Kelly","employee_salary":433060,"employee_age":22,"profile_image":""},{"id":5,"employee_name":"Airi Satou","employee_salary":162700,"employee_age":33,"profile_image":""},{"id":6,"employee_name":"Brielle Williamson","employee_salary":372000,"employee_age":61,"profile_image":""},{"id":7,"employee_name":"Herrod Chandler","employee_salary":137500,"employee_age":59,"profile_image":""},{"id":8,"employee_name":"Rhona Davidson","employee_salary":327900,"employee_age":55,"profile_image":""},{"id":9,"employee_name":"Colleen Hurst","employee_salary":205500,"employee_age":39,"profile_image":""},{"id":10,"employee_name":"Sonya Frost","employee_salary":103600,"employee_age":23,"profile_image":""},{"id":11,"employee_name":"Jena Gaines","employee_salary":90560,"employee_age":30,"profile_image":""},{"id":12,"employee_name":"Quinn Flynn","employee_salary":342000,"employee_age":22,"profile_image":""},{"id":13,"employee_name":"Charde Marshall","employee_salary":470600,"employee_age":36,"profile_image":""},{"id":14,"employee_name":"Haley Kennedy","employee_salary":313500,"employee_age":43,"profile_image":""},{"id":15,"employee_name":"Tatyana Fitzpatrick","employee_salary":385750,"employee_age":19,"profile_image":""},{"id":16,"employee_name":"Michael Silva","employee_salary":198500,"employee_age":66,"profile_image":""},{"id":17,"employee_name":"Paul Byrd","employee_salary":725000,"employee_age":64,"profile_image":""},{"id":18,"employee_name":"Gloria Little","employee_salary":237500,"employee_age":59,"profile_image":""},{"id":19,"employee_name":"Bradley Greer","employee_salary":132000,"employee_age":41,"profile_image":""},{"id":20,"employee_name":"Dai Rios","employee_salary":217500,"employee_age":35,"profile_image":""},{"id":21,"employee_name":"Jenette Caldwell","employee_salary":345000,"employee_age":30,"profile_image":""},{"id":22,"employee_name":"Yuri Berry","employee_salary":675000,"employee_age":40,"profile_image":""},{"id":23,"employee_name":"Caesar Vance","employee_salary":106450,"employee_age":21,"profile_image":""},{"id":24,"employee_name":"Doris Wilder","employee_salary":85600,"employee_age":23,"profile_image":""}],"message":"Successfully! All records has been fetched."}
2022-10-11 15:00:20 INFO  EmployeesRestAPI:55 - ***********  Checking Status Code **********
2022-10-11 15:00:20 INFO  EmployeesRestAPI:58 - Status Code is ==>200
2022-10-11 15:00:20 INFO  EmployeesRestAPI:116 - ***********  Checking Content Encoding**********
2022-10-11 15:00:20 INFO  EmployeesRestAPI:119 - Content Encoding is==>gzip
2022-10-11 15:00:20 INFO  EmployeesRestAPI:105 - ***********  Checking Server Type **********
2022-10-11 15:00:20 INFO  EmployeesRestAPI:108 - Server Type is =>nginx/1.21.6
2022-10-11 15:00:20 INFO  EmployeesRestAPI:82 - ***********  Checking Status Line **********
2022-10-11 15:00:20 INFO  EmployeesRestAPI:85 - Status Line is ==>HTTP/1.1 200 OK
2022-10-11 15:00:20 INFO  EmployeesRestAPI:153 - *********  Finished TC001_Get_All_Employees **********
2022-10-11 15:00:20 INFO  EmployeesRestAPI:34 - *********Started TC002_Get_Single_Employee_Record **********
2022-10-11 15:00:28 INFO  EmployeesRestAPI:97 - *********  Finished TC002_Get_Single_Employee_Record **********
2022-10-11 15:00:28 INFO  EmployeesRestAPI:41 - *********Started TC003_Post_Employee_Record **********
2022-10-11 15:00:34 INFO  EmployeesRestAPI:116 - *********  Finished TC003_Post_Employee_Record **********
2022-10-11 15:00:34 INFO  EmployeesRestAPI:41 - *********Started TC004_Put_Employee_Record **********
2022-10-11 15:00:40 INFO  EmployeesRestAPI:113 - *********  Finished TC004_Put_Employee_Record **********
2022-10-11 15:00:40 INFO  EmployeesRestAPI:36 - *********Started TC005_Delete_Employee_Record **********
2022-10-11 15:01:55 INFO  EmployeesRestAPI:32 - *********Started TC001_Get_All_Employees **********
2022-10-11 15:01:58 INFO  EmployeesRestAPI:128 - ***********  Checking Content Lenght**********
2022-10-11 15:01:58 INFO  EmployeesRestAPI:131 - Content Length is==>null
2022-10-11 15:01:58 INFO  EmployeesRestAPI:95 - ***********  Checking Content Type **********
2022-10-11 15:01:58 INFO  EmployeesRestAPI:98 - Content type is ==>application/json
2022-10-11 15:01:58 INFO  EmployeesRestAPI:143 - ***********  Checking Cookies **********
2022-10-11 15:01:58 INFO  EmployeesRestAPI:66 - ***********  Checking Response Time **********
2022-10-11 15:01:58 INFO  EmployeesRestAPI:69 - Response Time is ==>1245
2022-10-11 15:01:58 INFO  EmployeesRestAPI:44 - ***********  Checking Respose Body **********
2022-10-11 15:01:58 INFO  EmployeesRestAPI:47 - Response Body==>{"status":"success","data":[{"id":1,"employee_name":"Tiger Nixon","employee_salary":320800,"employee_age":61,"profile_image":""},{"id":2,"employee_name":"Garrett Winters","employee_salary":170750,"employee_age":63,"profile_image":""},{"id":3,"employee_name":"Ashton Cox","employee_salary":86000,"employee_age":66,"profile_image":""},{"id":4,"employee_name":"Cedric Kelly","employee_salary":433060,"employee_age":22,"profile_image":""},{"id":5,"employee_name":"Airi Satou","employee_salary":162700,"employee_age":33,"profile_image":""},{"id":6,"employee_name":"Brielle Williamson","employee_salary":372000,"employee_age":61,"profile_image":""},{"id":7,"employee_name":"Herrod Chandler","employee_salary":137500,"employee_age":59,"profile_image":""},{"id":8,"employee_name":"Rhona Davidson","employee_salary":327900,"employee_age":55,"profile_image":""},{"id":9,"employee_name":"Colleen Hurst","employee_salary":205500,"employee_age":39,"profile_image":""},{"id":10,"employee_name":"Sonya Frost","employee_salary":103600,"employee_age":23,"profile_image":""},{"id":11,"employee_name":"Jena Gaines","employee_salary":90560,"employee_age":30,"profile_image":""},{"id":12,"employee_name":"Quinn Flynn","employee_salary":342000,"employee_age":22,"profile_image":""},{"id":13,"employee_name":"Charde Marshall","employee_salary":470600,"employee_age":36,"profile_image":""},{"id":14,"employee_name":"Haley Kennedy","employee_salary":313500,"employee_age":43,"profile_image":""},{"id":15,"employee_name":"Tatyana Fitzpatrick","employee_salary":385750,"employee_age":19,"profile_image":""},{"id":16,"employee_name":"Michael Silva","employee_salary":198500,"employee_age":66,"profile_image":""},{"id":17,"employee_name":"Paul Byrd","employee_salary":725000,"employee_age":64,"profile_image":""},{"id":18,"employee_name":"Gloria Little","employee_salary":237500,"employee_age":59,"profile_image":""},{"id":19,"employee_name":"Bradley Greer","employee_salary":132000,"employee_age":41,"profile_image":""},{"id":20,"employee_name":"Dai Rios","employee_salary":217500,"employee_age":35,"profile_image":""},{"id":21,"employee_name":"Jenette Caldwell","employee_salary":345000,"employee_age":30,"profile_image":""},{"id":22,"employee_name":"Yuri Berry","employee_salary":675000,"employee_age":40,"profile_image":""},{"id":23,"employee_name":"Caesar Vance","employee_salary":106450,"employee_age":21,"profile_image":""},{"id":24,"employee_name":"Doris Wilder","employee_salary":85600,"employee_age":23,"profile_image":""}],"message":"Successfully! All records has been fetched."}
2022-10-11 15:01:58 INFO  EmployeesRestAPI:55 - ***********  Checking Status Code **********
2022-10-11 15:01:58 INFO  EmployeesRestAPI:58 - Status Code is ==>200
2022-10-11 15:01:58 INFO  EmployeesRestAPI:116 - ***********  Checking Content Encoding**********
2022-10-11 15:01:58 INFO  EmployeesRestAPI:119 - Content Encoding is==>gzip
2022-10-11 15:01:58 INFO  EmployeesRestAPI:105 - ***********  Checking Server Type **********
2022-10-11 15:01:58 INFO  EmployeesRestAPI:108 - Server Type is =>nginx/1.21.6
2022-10-11 15:01:58 INFO  EmployeesRestAPI:82 - ***********  Checking Status Line **********
2022-10-11 15:01:58 INFO  EmployeesRestAPI:85 - Status Line is ==>HTTP/1.1 200 OK
2022-10-11 15:01:58 INFO  EmployeesRestAPI:153 - *********  Finished TC001_Get_All_Employees **********
2022-10-11 15:01:58 INFO  EmployeesRestAPI:34 - *********Started TC002_Get_Single_Employee_Record **********
2022-10-11 15:02:05 INFO  EmployeesRestAPI:97 - *********  Finished TC002_Get_Single_Employee_Record **********
2022-10-11 15:02:05 INFO  EmployeesRestAPI:41 - *********Started TC003_Post_Employee_Record **********
2022-10-11 15:02:11 INFO  EmployeesRestAPI:116 - *********  Finished TC003_Post_Employee_Record **********
2022-10-11 15:02:11 INFO  EmployeesRestAPI:41 - *********Started TC004_Put_Employee_Record **********
2022-10-11 15:02:17 INFO  EmployeesRestAPI:113 - *********  Finished TC004_Put_Employee_Record **********
2022-10-11 15:02:17 INFO  EmployeesRestAPI:36 - *********Started TC005_Delete_Employee_Record **********
2022-10-11 15:02:26 INFO  EmployeesRestAPI:101 - *********  Finished TC005_Delete_Employee_Record **********
2022-10-11 16:12:59 INFO  EmployeesRestAPI:32 - *********Started TC001_Get_All_Employees **********
2022-10-11 16:13:00 INFO  EmployeesRestAPI:128 - ***********  Checking Content Lenght**********
2022-10-11 16:13:00 INFO  EmployeesRestAPI:131 - Content Length is==>null
2022-10-11 16:13:00 INFO  EmployeesRestAPI:95 - ***********  Checking Content Type **********
2022-10-11 16:13:00 INFO  EmployeesRestAPI:98 - Content type is ==>text/html; charset=UTF-8
2022-10-11 16:13:00 INFO  EmployeesRestAPI:143 - ***********  Checking Cookies **********
2022-10-11 16:13:00 INFO  EmployeesRestAPI:66 - ***********  Checking Response Time **********
2022-10-11 16:13:00 INFO  EmployeesRestAPI:69 - Response Time is ==>938
2022-10-11 16:13:00 INFO  EmployeesRestAPI:44 - ***********  Checking Respose Body **********
2022-10-11 16:13:00 INFO  EmployeesRestAPI:47 - Response Body==><!DOCTYPE html>
<html lang="en">
    <head>
        <meta charset="utf-8">
        <meta name="viewport" content="width=device-width, initial-scale=1">

        <title>Too Many Requests</title>

        <!-- Fonts -->
        <link rel="dns-prefetch" href="//fonts.gstatic.com">
        <link href="https://fonts.googleapis.com/css?family=Nunito" rel="stylesheet">

        <!-- Styles -->
        <style>
            html, body {
                background-color: #fff;
                color: #636b6f;
                font-family: 'Nunito', sans-serif;
                font-weight: 100;
                height: 100vh;
                margin: 0;
            }

            .full-height {
                height: 100vh;
            }

            .flex-center {
                align-items: center;
                display: flex;
                justify-content: center;
            }

            .position-ref {
                position: relative;
            }

            .code {
                border-right: 2px solid;
                font-size: 26px;
                padding: 0 15px 0 15px;
                text-align: center;
            }

            .message {
                font-size: 18px;
                text-align: center;
            }
        </style>
    </head>
    <body>
        <div class="flex-center position-ref full-height">
            <div class="code">
                429            </div>

            <div class="message" style="padding: 10px;">
                Too Many Requests            </div>
        </div>
    </body>
</html>

2022-10-11 16:13:00 INFO  EmployeesRestAPI:55 - ***********  Checking Status Code **********
2022-10-11 16:13:00 INFO  EmployeesRestAPI:58 - Status Code is ==>429
2022-10-11 16:13:00 INFO  EmployeesRestAPI:116 - ***********  Checking Content Encoding**********
2022-10-11 16:13:00 INFO  EmployeesRestAPI:119 - Content Encoding is==>gzip
2022-10-11 16:13:00 INFO  EmployeesRestAPI:105 - ***********  Checking Server Type **********
2022-10-11 16:13:00 INFO  EmployeesRestAPI:108 - Server Type is =>nginx/1.21.6
2022-10-11 16:13:00 INFO  EmployeesRestAPI:82 - ***********  Checking Status Line **********
2022-10-11 16:13:00 INFO  EmployeesRestAPI:85 - Status Line is ==>HTTP/1.1 429 Too Many Requests
2022-10-11 16:13:00 INFO  EmployeesRestAPI:153 - *********  Finished TC001_Get_All_Employees **********
2022-10-11 16:13:00 INFO  EmployeesRestAPI:34 - *********Started TC002_Get_Single_Employee_Record **********
2022-10-11 16:13:08 INFO  EmployeesRestAPI:97 - *********  Finished TC002_Get_Single_Employee_Record **********
2022-10-11 16:13:08 INFO  EmployeesRestAPI:41 - *********Started TC003_Post_Employee_Record **********
2022-10-11 16:13:14 INFO  EmployeesRestAPI:116 - *********  Finished TC003_Post_Employee_Record **********
2022-10-11 16:13:14 INFO  EmployeesRestAPI:41 - *********Started TC004_Put_Employee_Record **********
2022-10-11 16:13:19 INFO  EmployeesRestAPI:113 - *********  Finished TC004_Put_Employee_Record **********
2022-10-11 16:13:19 INFO  EmployeesRestAPI:36 - *********Started TC005_Delete_Employee_Record **********
2022-10-12 11:14:25 INFO  EmployeesRestAPI:32 - *********Started TC001_Get_All_Employees **********
2022-10-12 11:14:27 INFO  EmployeesRestAPI:128 - ***********  Checking Content Lenght**********
2022-10-12 11:14:27 INFO  EmployeesRestAPI:131 - Content Length is==>null
2022-10-12 11:14:27 INFO  EmployeesRestAPI:95 - ***********  Checking Content Type **********
2022-10-12 11:14:27 INFO  EmployeesRestAPI:98 - Content type is ==>text/html; charset=UTF-8
2022-10-12 11:14:27 INFO  EmployeesRestAPI:143 - ***********  Checking Cookies **********
2022-10-12 11:14:27 INFO  EmployeesRestAPI:66 - ***********  Checking Response Time **********
2022-10-12 11:14:27 INFO  EmployeesRestAPI:69 - Response Time is ==>1016
2022-10-12 11:14:27 INFO  EmployeesRestAPI:44 - ***********  Checking Respose Body **********
2022-10-12 11:14:27 INFO  EmployeesRestAPI:47 - Response Body==><!DOCTYPE html>
<html lang="en">
    <head><meta charset="utf-8">
        
        <meta name="viewport" content="width=device-width, initial-scale=1">

        <title>Too Many Requests</title>

        <!-- Fonts -->
        <link rel="dns-prefetch" href="//fonts.gstatic.com">
        <link href="https://fonts.googleapis.com/css?family=Nunito" rel="stylesheet">

        <!-- Styles -->
        <style>
            html, body {
                background-color: #fff;
                color: #636b6f;
                font-family: 'Nunito', sans-serif;
                font-weight: 100;
                height: 100vh;
                margin: 0;
            }

            .full-height {
                height: 100vh;
            }

            .flex-center {
                align-items: center;
                display: flex;
                justify-content: center;
            }

            .position-ref {
                position: relative;
            }

            .code {
                border-right: 2px solid;
                font-size: 26px;
                padding: 0 15px 0 15px;
                text-align: center;
            }

            .message {
                font-size: 18px;
                text-align: center;
            }
        </style>
    </head>
    <body>
        <div class="flex-center position-ref full-height">
            <div class="code">
                429            </div>

            <div class="message" style="padding: 10px;">
                Too Many Requests            </div>
        </div>
    <script type="text/javascript" onload="__ezcl.handle(true);" async src="/utilcave_com/inc/ezcl.webp?cb=4"></script></body>
</html>

2022-10-12 11:14:27 INFO  EmployeesRestAPI:55 - ***********  Checking Status Code **********
2022-10-12 11:14:27 INFO  EmployeesRestAPI:58 - Status Code is ==>429
2022-10-12 11:14:27 INFO  EmployeesRestAPI:116 - ***********  Checking Content Encoding**********
2022-10-12 11:14:27 INFO  EmployeesRestAPI:119 - Content Encoding is==>gzip
2022-10-12 11:14:27 INFO  EmployeesRestAPI:105 - ***********  Checking Server Type **********
2022-10-12 11:14:27 INFO  EmployeesRestAPI:108 - Server Type is =>nginx/1.21.6
2022-10-12 11:14:27 INFO  EmployeesRestAPI:82 - ***********  Checking Status Line **********
2022-10-12 11:14:27 INFO  EmployeesRestAPI:85 - Status Line is ==>HTTP/1.1 429 Too Many Requests
2022-10-12 11:14:27 INFO  EmployeesRestAPI:153 - *********  Finished TC001_Get_All_Employees **********
2022-10-12 11:14:27 INFO  EmployeesRestAPI:34 - *********Started TC002_Get_Single_Employee_Record **********
2022-10-12 11:14:34 INFO  EmployeesRestAPI:97 - *********  Finished TC002_Get_Single_Employee_Record **********
2022-10-12 11:14:34 INFO  EmployeesRestAPI:41 - *********Started TC003_Post_Employee_Record **********
2022-10-12 11:14:40 INFO  EmployeesRestAPI:116 - *********  Finished TC003_Post_Employee_Record **********
2022-10-12 11:14:40 INFO  EmployeesRestAPI:41 - *********Started TC004_Put_Employee_Record **********
2022-10-12 11:14:45 INFO  EmployeesRestAPI:113 - *********  Finished TC004_Put_Employee_Record **********
2022-10-12 11:14:45 INFO  EmployeesRestAPI:36 - *********Started TC005_Delete_Employee_Record **********
2022-10-12 11:14:54 INFO  EmployeesRestAPI:101 - *********  Finished TC005_Delete_Employee_Record **********
2022-10-12 11:29:33 INFO  EmployeesRestAPI:32 - *********Started TC001_Get_All_Employees **********
2022-10-12 11:29:34 INFO  EmployeesRestAPI:128 - ***********  Checking Content Lenght**********
2022-10-12 11:29:34 INFO  EmployeesRestAPI:131 - Content Length is==>null
2022-10-12 11:29:34 INFO  EmployeesRestAPI:95 - ***********  Checking Content Type **********
2022-10-12 11:29:34 INFO  EmployeesRestAPI:98 - Content type is ==>text/html; charset=UTF-8
2022-10-12 11:29:34 INFO  EmployeesRestAPI:143 - ***********  Checking Cookies **********
2022-10-12 11:29:34 INFO  EmployeesRestAPI:66 - ***********  Checking Response Time **********
2022-10-12 11:29:34 INFO  EmployeesRestAPI:69 - Response Time is ==>987
2022-10-12 11:29:34 INFO  EmployeesRestAPI:44 - ***********  Checking Respose Body **********
2022-10-12 11:29:34 INFO  EmployeesRestAPI:47 - Response Body==><!DOCTYPE html>
<html lang="en">
    <head>
        <meta charset="utf-8">
        <meta name="viewport" content="width=device-width, initial-scale=1">

        <title>Too Many Requests</title>

        <!-- Fonts -->
        <link rel="dns-prefetch" href="//fonts.gstatic.com">
        <link href="https://fonts.googleapis.com/css?family=Nunito" rel="stylesheet">

        <!-- Styles -->
        <style>
            html, body {
                background-color: #fff;
                color: #636b6f;
                font-family: 'Nunito', sans-serif;
                font-weight: 100;
                height: 100vh;
                margin: 0;
            }

            .full-height {
                height: 100vh;
            }

            .flex-center {
                align-items: center;
                display: flex;
                justify-content: center;
            }

            .position-ref {
                position: relative;
            }

            .code {
                border-right: 2px solid;
                font-size: 26px;
                padding: 0 15px 0 15px;
                text-align: center;
            }

            .message {
                font-size: 18px;
                text-align: center;
            }
        </style>
    </head>
    <body>
        <div class="flex-center position-ref full-height">
            <div class="code">
                429            </div>

            <div class="message" style="padding: 10px;">
                Too Many Requests            </div>
        </div>
    </body>
</html>

2022-10-12 11:29:34 INFO  EmployeesRestAPI:55 - ***********  Checking Status Code **********
2022-10-12 11:29:34 INFO  EmployeesRestAPI:58 - Status Code is ==>429
2022-10-12 11:29:34 INFO  EmployeesRestAPI:116 - ***********  Checking Content Encoding**********
2022-10-12 11:29:34 INFO  EmployeesRestAPI:119 - Content Encoding is==>gzip
2022-10-12 11:29:34 INFO  EmployeesRestAPI:105 - ***********  Checking Server Type **********
2022-10-12 11:29:34 INFO  EmployeesRestAPI:108 - Server Type is =>nginx/1.21.6
2022-10-12 11:29:34 INFO  EmployeesRestAPI:82 - ***********  Checking Status Line **********
2022-10-12 11:29:34 INFO  EmployeesRestAPI:85 - Status Line is ==>HTTP/1.1 429 Too Many Requests
2022-10-12 11:29:35 INFO  EmployeesRestAPI:153 - *********  Finished TC001_Get_All_Employees **********
2022-10-12 11:29:35 INFO  EmployeesRestAPI:34 - *********Started TC002_Get_Single_Employee_Record **********
2022-10-12 11:29:42 INFO  EmployeesRestAPI:97 - *********  Finished TC002_Get_Single_Employee_Record **********
2022-10-12 11:29:42 INFO  EmployeesRestAPI:41 - *********Started TC003_Post_Employee_Record **********
2022-10-12 11:29:48 INFO  EmployeesRestAPI:116 - *********  Finished TC003_Post_Employee_Record **********
2022-10-12 11:29:48 INFO  EmployeesRestAPI:41 - *********Started TC004_Put_Employee_Record **********
2022-10-12 11:29:53 INFO  EmployeesRestAPI:113 - *********  Finished TC004_Put_Employee_Record **********
2022-10-12 11:29:53 INFO  EmployeesRestAPI:36 - *********Started TC005_Delete_Employee_Record **********
2022-10-12 11:30:02 INFO  EmployeesRestAPI:101 - *********  Finished TC005_Delete_Employee_Record **********
2022-10-27 23:53:14 INFO  EmployeesRestAPI:32 - *********Started TC001_Get_All_Employees **********
2022-10-27 23:53:16 INFO  EmployeesRestAPI:128 - ***********  Checking Content Lenght**********
2022-10-27 23:53:16 INFO  EmployeesRestAPI:131 - Content Length is==>null
2022-10-27 23:53:16 INFO  EmployeesRestAPI:95 - ***********  Checking Content Type **********
2022-10-27 23:53:16 INFO  EmployeesRestAPI:98 - Content type is ==>application/json
2022-10-27 23:53:16 INFO  EmployeesRestAPI:143 - ***********  Checking Cookies **********
2022-10-27 23:53:16 INFO  EmployeesRestAPI:66 - ***********  Checking Response Time **********
2022-10-27 23:53:16 INFO  EmployeesRestAPI:69 - Response Time is ==>1174
2022-10-27 23:53:16 INFO  EmployeesRestAPI:44 - ***********  Checking Respose Body **********
2022-10-27 23:53:16 INFO  EmployeesRestAPI:47 - Response Body==>{"status":"success","data":[{"id":1,"employee_name":"Tiger Nixon","employee_salary":320800,"employee_age":61,"profile_image":""},{"id":2,"employee_name":"Garrett Winters","employee_salary":170750,"employee_age":63,"profile_image":""},{"id":3,"employee_name":"Ashton Cox","employee_salary":86000,"employee_age":66,"profile_image":""},{"id":4,"employee_name":"Cedric Kelly","employee_salary":433060,"employee_age":22,"profile_image":""},{"id":5,"employee_name":"Airi Satou","employee_salary":162700,"employee_age":33,"profile_image":""},{"id":6,"employee_name":"Brielle Williamson","employee_salary":372000,"employee_age":61,"profile_image":""},{"id":7,"employee_name":"Herrod Chandler","employee_salary":137500,"employee_age":59,"profile_image":""},{"id":8,"employee_name":"Rhona Davidson","employee_salary":327900,"employee_age":55,"profile_image":""},{"id":9,"employee_name":"Colleen Hurst","employee_salary":205500,"employee_age":39,"profile_image":""},{"id":10,"employee_name":"Sonya Frost","employee_salary":103600,"employee_age":23,"profile_image":""},{"id":11,"employee_name":"Jena Gaines","employee_salary":90560,"employee_age":30,"profile_image":""},{"id":12,"employee_name":"Quinn Flynn","employee_salary":342000,"employee_age":22,"profile_image":""},{"id":13,"employee_name":"Charde Marshall","employee_salary":470600,"employee_age":36,"profile_image":""},{"id":14,"employee_name":"Haley Kennedy","employee_salary":313500,"employee_age":43,"profile_image":""},{"id":15,"employee_name":"Tatyana Fitzpatrick","employee_salary":385750,"employee_age":19,"profile_image":""},{"id":16,"employee_name":"Michael Silva","employee_salary":198500,"employee_age":66,"profile_image":""},{"id":17,"employee_name":"Paul Byrd","employee_salary":725000,"employee_age":64,"profile_image":""},{"id":18,"employee_name":"Gloria Little","employee_salary":237500,"employee_age":59,"profile_image":""},{"id":19,"employee_name":"Bradley Greer","employee_salary":132000,"employee_age":41,"profile_image":""},{"id":20,"employee_name":"Dai Rios","employee_salary":217500,"employee_age":35,"profile_image":""},{"id":21,"employee_name":"Jenette Caldwell","employee_salary":345000,"employee_age":30,"profile_image":""},{"id":22,"employee_name":"Yuri Berry","employee_salary":675000,"employee_age":40,"profile_image":""},{"id":23,"employee_name":"Caesar Vance","employee_salary":106450,"employee_age":21,"profile_image":""},{"id":24,"employee_name":"Doris Wilder","employee_salary":85600,"employee_age":23,"profile_image":""}],"message":"Successfully! All records has been fetched."}
2022-10-27 23:53:16 INFO  EmployeesRestAPI:55 - ***********  Checking Status Code **********
2022-10-27 23:53:16 INFO  EmployeesRestAPI:58 - Status Code is ==>200
2022-10-27 23:53:16 INFO  EmployeesRestAPI:116 - ***********  Checking Content Encoding**********
2022-10-27 23:53:16 INFO  EmployeesRestAPI:119 - Content Encoding is==>gzip
2022-10-27 23:53:16 INFO  EmployeesRestAPI:105 - ***********  Checking Server Type **********
2022-10-27 23:53:16 INFO  EmployeesRestAPI:108 - Server Type is =>nginx/1.21.6
2022-10-27 23:53:16 INFO  EmployeesRestAPI:82 - ***********  Checking Status Line **********
2022-10-27 23:53:16 INFO  EmployeesRestAPI:85 - Status Line is ==>HTTP/1.1 200 OK
2022-10-27 23:53:16 INFO  EmployeesRestAPI:153 - *********  Finished TC001_Get_All_Employees **********
2022-10-27 23:53:16 INFO  EmployeesRestAPI:34 - *********Started TC002_Get_Single_Employee_Record **********
2022-10-27 23:53:24 INFO  EmployeesRestAPI:97 - *********  Finished TC002_Get_Single_Employee_Record **********
2022-10-27 23:53:24 INFO  EmployeesRestAPI:41 - *********Started TC003_Post_Employee_Record **********
2022-10-27 23:53:30 INFO  EmployeesRestAPI:116 - *********  Finished TC003_Post_Employee_Record **********
2022-10-27 23:53:30 INFO  EmployeesRestAPI:41 - *********Started TC004_Put_Employee_Record **********
2022-10-27 23:53:35 INFO  EmployeesRestAPI:113 - *********  Finished TC004_Put_Employee_Record **********
2022-10-27 23:53:35 INFO  EmployeesRestAPI:36 - *********Started TC005_Delete_Employee_Record **********
2022-10-27 23:53:45 INFO  EmployeesRestAPI:101 - *********  Finished TC005_Delete_Employee_Record **********
2022-10-28 00:00:42 INFO  EmployeesRestAPI:34 - *********Started TC002_Get_Single_Employee_Record **********
2022-10-28 00:00:51 INFO  EmployeesRestAPI:97 - *********  Finished TC002_Get_Single_Employee_Record **********
2022-10-28 00:01:26 INFO  EmployeesRestAPI:41 - *********Started TC003_Post_Employee_Record **********
2022-10-28 00:01:34 INFO  EmployeesRestAPI:116 - *********  Finished TC003_Post_Employee_Record **********
2022-10-28 00:01:48 INFO  EmployeesRestAPI:41 - *********Started TC004_Put_Employee_Record **********
2022-10-28 00:01:56 INFO  EmployeesRestAPI:113 - *********  Finished TC004_Put_Employee_Record **********
2022-10-28 00:02:11 INFO  EmployeesRestAPI:36 - *********Started TC005_Delete_Employee_Record **********
